<?xml version="1.0" encoding="UTF-8"?>
<!-- Generated by org.testng.reporters.JUnitReportReporter -->
<testsuite hostname="VAIO" failures="0" tests="1" name="InsuranceCalculation_Motorcycle.VerifyAllDropDownElementsEVData" time="12.877" errors="0" timestamp="2021-12-25T22:26:26 GMT-08:00" skipped="0">
  <testcase classname="InsuranceCalculation_Motorcycle.VerifyAllDropDownElementsEVData" name="verifyEVModelDropDown" time="12.877"/>
  <system-out/>
</testsuite> <!-- InsuranceCalculation_Motorcycle.VerifyAllDropDownElementsEVData -->
